<?xml version="1.0" encoding="UTF-8"?>
<!-- Generated by org.testng.reporters.JUnitXMLReporter -->
<testsuite hostname="AR-IT13429" ignored="0" name="Validate Title" tests="2" failures="0" timestamp="2020-10-13T11:21:59 ART" time="0.056" errors="0">
  <testcase name="@BeforeTest initialize" time="0.009" classname="Academy.validateTitle">
    <failure type="java.lang.NullPointerException">
      <![CDATA[java.lang.NullPointerException
at resources.base.initializeDriver(base.java:40)
at Academy.validateTitle.initialize(validateTitle.java:22)
at java.util.concurrent.FutureTask.run(Unknown Source)
at java.util.concurrent.ThreadPoolExecutor.runWorker(Unknown Source)
at java.util.concurrent.ThreadPoolExecutor$Worker.run(Unknown Source)
at java.lang.Thread.run(Unknown Source)
... Removed 15 stack frames]]>
    </failure>
  </testcase> <!-- @BeforeTest initialize -->
  <testcase name="@AfterTest teardown" time="-1.60259891979E9" classname="Academy.validateTitle">
    <skipped/>
  </testcase> <!-- @AfterTest teardown -->
  <testcase name="getTitle" time="0.0" classname="Academy.validateTitle">
    <skipped/>
  </testcase> <!-- getTitle -->
  <testcase name="validateHeader" time="0.0" classname="Academy.validateTitle">
    <skipped/>
  </testcase> <!-- validateHeader -->
</testsuite> <!-- Validate Title -->
