<?xml version="1.0" encoding="UTF-8"?>
<testng-results skipped="0" failed="0" ignored="0" total="2" passed="2">
  <reporter-output>
  </reporter-output>
  <suite name="Default suite" duration-ms="63021" started-at="2020-11-15T15:08:34 ART" finished-at="2020-11-15T15:09:37 ART">
    <groups>
      <group name="cucumber">
        <method signature="AbstractTestNGCucumberTests.feature(cucumber.api.testng.CucumberFeatureWrapper)[pri:0, instance:cucumberOptions.TestRunner@27a8c74e]" name="feature" class="cucumber.api.testng.AbstractTestNGCucumberTests"/>
      </group> <!-- cucumber -->
    </groups>
    <test name="Default test" duration-ms="63021" started-at="2020-11-15T15:08:34 ART" finished-at="2020-11-15T15:09:37 ART">
      <class name="cucumberOptions.TestRunner">
        <test-method status="PASS" signature="setUpClass()[pri:0, instance:cucumberOptions.TestRunner@27a8c74e]" name="setUpClass" is-config="true" duration-ms="180" started-at="2020-11-15T15:08:34 ART" finished-at="2020-11-15T15:08:35 ART">
          <reporter-output>
          </reporter-output>
        </test-method> <!-- setUpClass -->
        <test-method status="PASS" signature="feature(cucumber.api.testng.CucumberFeatureWrapper)[pri:0, instance:cucumberOptions.TestRunner@27a8c74e]" name="feature" duration-ms="45341" started-at="2020-11-15T15:08:35 ART" description="Runs Cucumber Feature" data-provider="features" finished-at="2020-11-15T15:09:20 ART">
          <params>
            <param index="0">
              <value>
                <![CDATA[Login into Application]]>
              </value>
            </param>
          </params>
          <reporter-output>
          </reporter-output>
        </test-method> <!-- feature -->
        <test-method status="PASS" signature="feature(cucumber.api.testng.CucumberFeatureWrapper)[pri:0, instance:cucumberOptions.TestRunner@27a8c74e]" name="feature" duration-ms="17388" started-at="2020-11-15T15:09:20 ART" description="Runs Cucumber Feature" data-provider="features" finished-at="2020-11-15T15:09:37 ART">
          <params>
            <param index="0">
              <value>
                <![CDATA[Register a new user]]>
              </value>
            </param>
          </params>
          <reporter-output>
          </reporter-output>
        </test-method> <!-- feature -->
        <test-method status="PASS" signature="tearDownClass()[pri:0, instance:cucumberOptions.TestRunner@27a8c74e]" name="tearDownClass" is-config="true" duration-ms="5" started-at="2020-11-15T15:09:37 ART" finished-at="2020-11-15T15:09:37 ART">
          <reporter-output>
          </reporter-output>
        </test-method> <!-- tearDownClass -->
      </class> <!-- cucumberOptions.TestRunner -->
    </test> <!-- Default test -->
  </suite> <!-- Default suite -->
</testng-results>
